<?xml version="1.0" encoding="UTF-8"?>
<testsuite xmlns:xsi="http://www.w3.org/2001/XMLSchema-instance" xsi:noNamespaceSchemaLocation="https://maven.apache.org/surefire/maven-surefire-plugin/xsd/surefire-test-report.xsd" name="org.apache.maven.model.ExtensionTest" time="0.003" tests="4" errors="0" skipped="0" failures="0">
  <properties>
[...]
</properties>
  <testcase name="testEqualsIdentity" classname="org.apache.maven.model.ExtensionTest" time="0"/>
  <testcase name="testHashCodeNullSafe" classname="org.apache.maven.model.ExtensionTest" time="0"/>
  <testcase name="testToStringNullSafe" classname="org.apache.maven.model.ExtensionTest" time="0"/>
  <testcase name="testEqualsNullSafe" classname="org.apache.maven.model.ExtensionTest" time="0"/>
</testsuite>